ERROR [Apr 23 17:20:47] (AspireLog4j.java:263) - Missing file MainConfig.properties java.io.FileNotFoundException: /Users/moto.almohtadi/Desktop/Datto/src/test/resources/configs/MainConfig.properties (No such file or directory)
java.io.FileNotFoundException: /Users/moto.almohtadi/Desktop/Datto/src/test/resources/configs/MainConfig.properties (No such file or directory)
	at java.io.FileInputStream.open0(Native Method)
	at java.io.FileInputStream.open(FileInputStream.java:195)
	at java.io.FileInputStream.<init>(FileInputStream.java:138)
	at jo.aspire.automation.logger.EnvirommentManager.LoadMainConfig(EnvirommentManager.java:105)
	at jo.aspire.automation.logger.EnvirommentManager.loadProperties(EnvirommentManager.java:138)
	at jo.aspire.automation.logger.EnvirommentManager.getInstance(EnvirommentManager.java:82)
	at jo.aspire.automation.logger.AspireLog4j.<init>(AspireLog4j.java:63)
	at sun.reflect.NativeConstructorAccessorImpl.newInstance0(Native Method)
	at sun.reflect.NativeConstructorAccessorImpl.newInstance(NativeConstructorAccessorImpl.java:62)
	at sun.reflect.DelegatingConstructorAccessorImpl.newInstance(DelegatingConstructorAccessorImpl.java:45)
	at java.lang.reflect.Constructor.newInstance(Constructor.java:423)
	at jo.aspire.automation.logger.EnvirommentManager.setIntialLog4jClass(EnvirommentManager.java:59)
	at jo.aspire.automation.logger.EnvirommentManager.setInitialClass(EnvirommentManager.java:44)
	at aspire.com.test.StoriesTest.run(StoriesTest.java:150)
	at sun.reflect.NativeMethodAccessorImpl.invoke0(Native Method)
	at sun.reflect.NativeMethodAccessorImpl.invoke(NativeMethodAccessorImpl.java:62)
	at sun.reflect.DelegatingMethodAccessorImpl.invoke(DelegatingMethodAccessorImpl.java:43)
	at java.lang.reflect.Method.invoke(Method.java:498)
	at org.junit.runners.model.FrameworkMethod$1.runReflectiveCall(FrameworkMethod.java:47)
	at org.junit.internal.runners.model.ReflectiveCallable.run(ReflectiveCallable.java:12)
	at org.junit.runners.model.FrameworkMethod.invokeExplosively(FrameworkMethod.java:44)
	at org.junit.internal.runners.statements.InvokeMethod.evaluate(InvokeMethod.java:17)
	at org.junit.runners.ParentRunner.runLeaf(ParentRunner.java:271)
	at org.junit.runners.BlockJUnit4ClassRunner.runChild(BlockJUnit4ClassRunner.java:70)
	at org.junit.runners.BlockJUnit4ClassRunner.runChild(BlockJUnit4ClassRunner.java:50)
	at org.junit.runners.ParentRunner$3.run(ParentRunner.java:238)
	at org.junit.runners.ParentRunner$1.schedule(ParentRunner.java:63)
	at org.junit.runners.ParentRunner.runChildren(ParentRunner.java:236)
	at org.junit.runners.ParentRunner.access$000(ParentRunner.java:53)
	at org.junit.runners.ParentRunner$2.evaluate(ParentRunner.java:229)
	at org.junit.runners.ParentRunner.run(ParentRunner.java:309)
	at org.eclipse.jdt.internal.junit4.runner.JUnit4TestReference.run(JUnit4TestReference.java:86)
	at org.eclipse.jdt.internal.junit.runner.TestExecution.run(TestExecution.java:38)
	at org.eclipse.jdt.internal.junit.runner.RemoteTestRunner.runTests(RemoteTestRunner.java:459)
	at org.eclipse.jdt.internal.junit.runner.RemoteTestRunner.runTests(RemoteTestRunner.java:678)
	at org.eclipse.jdt.internal.junit.runner.RemoteTestRunner.run(RemoteTestRunner.java:382)
	at org.eclipse.jdt.internal.junit.runner.RemoteTestRunner.main(RemoteTestRunner.java:192)
INFO  [Apr 23 17:20:47] (AspireLog4j.java:129) - Jar path is:
INFO  [Apr 23 17:20:47] (AspireLog4j.java:129) - Run with IDE - iam not jar
INFO  [Apr 23 17:20:47] (AspireLog4j.java:129) - Logger Object Injected  
WARN  [Apr 23 17:20:47] (AspireLog4j.java:144) -  Invlaid TimeZone Default time zone will be used for this run 
INFO  [Apr 23 17:20:47] (AspireLog4j.java:129) - Logger Object Injected  
INFO  [Apr 23 17:20:47] (AspireLog4j.java:129) - Logger Object Injected  
WARN  [Apr 23 17:20:47] (AbstractApplicationContext.java:545) - Exception encountered during context initialization - cancelling refresh attempt: org.springframework.beans.factory.CannotLoadBeanClassException: Cannot find class [aspire.com.steps.AddAgentPageSteps] for bean with name 'AddAgentPageSteps' defined in class path resource [steps.xml]; nested exception is java.lang.ClassNotFoundException: aspire.com.steps.AddAgentPageSteps
